2026-04-21 21:07:44 [error]: TypeError: Cannot read properties of null (reading '_id')
    at C:\Users\subha\OneDrive\Desktop\EBMS2\backend\src\controllers\transactionController.js:182:57
    at process.processTicksAndRejections (node:internal/process/task_queues:95:5)
2026-04-22 02:49:23 [error]: ValidationError: Invoice validation failed: supplier: Cast to ObjectId failed for value "23" (type string) at path "supplier" because of "BSONError"
    at Document.invalidate (C:\Users\subha\OneDrive\Desktop\EBMS2\backend\node_modules\mongoose\lib\document.js:3381:32)
    at model.$set (C:\Users\subha\OneDrive\Desktop\EBMS2\backend\node_modules\mongoose\lib\document.js:1498:12)
    at model.$set (C:\Users\subha\OneDrive\Desktop\EBMS2\backend\node_modules\mongoose\lib\document.js:1150:16)
    at model.Document (C:\Users\subha\OneDrive\Desktop\EBMS2\backend\node_modules\mongoose\lib\document.js:180:12)
    at model.Model (C:\Users\subha\OneDrive\Desktop\EBMS2\backend\node_modules\mongoose\lib\model.js:127:12)
    at new model (C:\Users\subha\OneDrive\Desktop\EBMS2\backend\node_modules\mongoose\lib\model.js:4866:15)
    at C:\Users\subha\OneDrive\Desktop\EBMS2\backend\node_modules\mongoose\lib\model.js:2791:20
    at Array.map (<anonymous>)
    at Function.create (C:\Users\subha\OneDrive\Desktop\EBMS2\backend\node_modules\mongoose\lib\model.js:2779:34)
    at C:\Users\subha\OneDrive\Desktop\EBMS2\backend\src\controllers\procurementController.js:139:33
2026-04-23 12:13:26 [error]: MongoDB connection error: Could not connect to any servers in your MongoDB Atlas cluster. One common reason is that you're trying to access the database from an IP that isn't whitelisted. Make sure your current IP address is on your Atlas cluster's IP whitelist: https://www.mongodb.com/docs/atlas/security-whitelist/
2026-04-23 12:15:40 [error]: MongooseError: Operation `users.findOne()` buffering timed out after 10000ms
    at Timeout.<anonymous> (C:\Users\subha\OneDrive\Desktop\EBMS2\backend\node_modules\mongoose\lib\drivers\node-mongodb-native\collection.js:187:23)
    at listOnTimeout (node:internal/timers:581:17)
    at process.processTimers (node:internal/timers:519:7)
2026-04-23 12:15:51 [error]: MongoDB connection error: Could not connect to any servers in your MongoDB Atlas cluster. One common reason is that you're trying to access the database from an IP that isn't whitelisted. Make sure your current IP address is on your Atlas cluster's IP whitelist: https://www.mongodb.com/docs/atlas/security-whitelist/
2026-04-23 22:13:59 [error]: MongoDB connection error: Could not connect to any servers in your MongoDB Atlas cluster. One common reason is that you're trying to access the database from an IP that isn't whitelisted. Make sure your current IP address is on your Atlas cluster's IP whitelist: https://www.mongodb.com/docs/atlas/security-whitelist/
2026-04-23 22:18:53 [error]: MongooseError: Operation `users.findOne()` buffering timed out after 10000ms
    at Timeout.<anonymous> (C:\Users\subha\OneDrive\Desktop\EBMS2\backend\node_modules\mongoose\lib\drivers\node-mongodb-native\collection.js:187:23)
    at listOnTimeout (node:internal/timers:581:17)
    at process.processTimers (node:internal/timers:519:7)
2026-04-23 22:19:00 [error]: MongoDB connection error: Could not connect to any servers in your MongoDB Atlas cluster. One common reason is that you're trying to access the database from an IP that isn't whitelisted. Make sure your current IP address is on your Atlas cluster's IP whitelist: https://www.mongodb.com/docs/atlas/security-whitelist/
2026-04-23 22:45:00 [error]: ValidationError: Invoice validation failed: supplier: Cast to ObjectId failed for value "dgdv" (type string) at path "supplier" because of "BSONError"
    at Document.invalidate (C:\Users\subha\OneDrive\Desktop\EBMS2\backend\node_modules\mongoose\lib\document.js:3381:32)
    at model.$set (C:\Users\subha\OneDrive\Desktop\EBMS2\backend\node_modules\mongoose\lib\document.js:1498:12)
    at model.$set (C:\Users\subha\OneDrive\Desktop\EBMS2\backend\node_modules\mongoose\lib\document.js:1150:16)
    at model.Document (C:\Users\subha\OneDrive\Desktop\EBMS2\backend\node_modules\mongoose\lib\document.js:180:12)
    at model.Model (C:\Users\subha\OneDrive\Desktop\EBMS2\backend\node_modules\mongoose\lib\model.js:127:12)
    at new model (C:\Users\subha\OneDrive\Desktop\EBMS2\backend\node_modules\mongoose\lib\model.js:4866:15)
    at C:\Users\subha\OneDrive\Desktop\EBMS2\backend\node_modules\mongoose\lib\model.js:2791:20
    at Array.map (<anonymous>)
    at Function.create (C:\Users\subha\OneDrive\Desktop\EBMS2\backend\node_modules\mongoose\lib\model.js:2779:34)
    at C:\Users\subha\OneDrive\Desktop\EBMS2\backend\src\controllers\procurementController.js:139:33
